<?xml version="1.0" encoding="UTF-8"?>
<!-- Generated by org.testng.reporters.JUnitReportReporter -->
<testsuite hostname="SOURAV_HALDER" name="test.SampleTest" tests="1" failures="0" timestamp="2 Mar 2018 19:38:29 GMT" time="11.483" errors="0">
  <testcase name="testSampleWarServlet" time="11.483" classname="test.SampleTest"/>
</testsuite> <!-- test.SampleTest -->
